0 info it worked if it ends with ok
1 verbose cli [ '/usr/bin/node',
1 verbose cli   '/usr/bin/npm',
1 verbose cli   'run',
1 verbose cli   'build',
1 verbose cli   'Atualizado build' ]
2 info using npm@3.5.2
3 info using node@v8.10.0
4 verbose run-script [ 'prebuild', 'build', 'postbuild' ]
5 info lifecycle br.com.albreis.coleta@1.1.0~prebuild: br.com.albreis.coleta@1.1.0
6 silly lifecycle br.com.albreis.coleta@1.1.0~prebuild: no script for prebuild, continuing
7 info lifecycle br.com.albreis.coleta@1.1.0~build: br.com.albreis.coleta@1.1.0
8 verbose lifecycle br.com.albreis.coleta@1.1.0~build: unsafe-perm in lifecycle true
9 verbose lifecycle br.com.albreis.coleta@1.1.0~build: PATH: /usr/share/npm/bin/node-gyp-bin:/mnt/c/Program Files (x86)/Ampps/www/github/coleta/node_modules/.bin:/usr/local/sbin:/usr/local/bin:/usr/sbin:/usr/bin:/sbin:/bin:/snap/bin
10 verbose lifecycle br.com.albreis.coleta@1.1.0~build: CWD: /mnt/c/Program Files (x86)/Ampps/www/github/coleta
11 silly lifecycle br.com.albreis.coleta@1.1.0~build: Args: [ '-c',
11 silly lifecycle   'git add . && git commit -m \'$0\' && npm version minor && webpack "Atualizado build"' ]
12 silly lifecycle br.com.albreis.coleta@1.1.0~build: Returned: code: 2  signal: null
13 info lifecycle br.com.albreis.coleta@1.1.0~build: Failed to exec build script
14 verbose stack Error: br.com.albreis.coleta@1.1.0 build: `git add . && git commit -m '$0' && npm version minor && webpack "Atualizado build"`
14 verbose stack Exit status 2
14 verbose stack     at EventEmitter.<anonymous> (/usr/share/npm/lib/utils/lifecycle.js:232:16)
14 verbose stack     at emitTwo (events.js:126:13)
14 verbose stack     at EventEmitter.emit (events.js:214:7)
14 verbose stack     at ChildProcess.<anonymous> (/usr/share/npm/lib/utils/spawn.js:24:14)
14 verbose stack     at emitTwo (events.js:126:13)
14 verbose stack     at ChildProcess.emit (events.js:214:7)
14 verbose stack     at maybeClose (internal/child_process.js:925:16)
14 verbose stack     at Process.ChildProcess._handle.onexit (internal/child_process.js:209:5)
15 verbose pkgid br.com.albreis.coleta@1.1.0
16 verbose cwd /mnt/c/Program Files (x86)/Ampps/www/github/coleta
17 error Linux 4.4.0-18362-Microsoft
18 error argv "/usr/bin/node" "/usr/bin/npm" "run" "build" "Atualizado build"
19 error node v8.10.0
20 error npm  v3.5.2
21 error code ELIFECYCLE
22 error br.com.albreis.coleta@1.1.0 build: `git add . && git commit -m '$0' && npm version minor && webpack "Atualizado build"`
22 error Exit status 2
23 error Failed at the br.com.albreis.coleta@1.1.0 build script 'git add . && git commit -m '$0' && npm version minor && webpack "Atualizado build"'.
23 error Make sure you have the latest version of node.js and npm installed.
23 error If you do, this is most likely a problem with the br.com.albreis.coleta package,
23 error not with npm itself.
23 error Tell the author that this fails on your system:
23 error     git add . && git commit -m '$0' && npm version minor && webpack "Atualizado build"
23 error You can get information on how to open an issue for this project with:
23 error     npm bugs br.com.albreis.coleta
23 error Or if that isn't available, you can get their info via:
23 error     npm owner ls br.com.albreis.coleta
23 error There is likely additional logging output above.
24 verbose exit [ 1, true ]
